#
# There is insufficient memory for the Java Runtime Environment to continue.
# Native memory allocation (malloc) failed to allocate 128016 bytes for Chunk::new
# Possible reasons:
#   The system is out of physical RAM or swap space
#   In 32 bit mode, the process size limit was hit
# Possible solutions:
#   Reduce memory load on the system
#   Increase physical memory or swap space
#   Check if swap backing store is full
#   Use 64 bit Java on a 64 bit OS
#   Decrease Java heap size (-Xmx/-Xms)
#   Decrease number of Java threads
#   Decrease Java thread stack sizes (-Xss)
#   Set larger code cache with -XX:ReservedCodeCacheSize=
# This output file may be truncated or incomplete.
#
#  Out of Memory Error (allocation.cpp:390), pid=6448, tid=0x0000000000003134
#
# JRE version: Java(TM) SE Runtime Environment (8.0_161-b12) (build 1.8.0_161-b12)
# Java VM: Java HotSpot(TM) 64-Bit Server VM (25.161-b12 mixed mode windows-amd64 compressed oops)
# Failed to write core dump. Minidumps are not enabled by default on client versions of Windows
#

---------------  T H R E A D  ---------------

Current thread (0x000000001940a000):  JavaThread "C2 CompilerThread1" daemon [_thread_in_native, id=12596, stack(0x0000000019b00000,0x0000000019c00000)]

Stack: [0x0000000019b00000,0x0000000019c00000]
[error occurred during error reporting (printing stack bounds), id 0xc0000005]

Native frames: (J=compiled Java code, j=interpreted, Vv=VM code, C=native code)


Current CompileTask:
C2:  35436 4112       4       java.util.GregorianCalendar::computeFields (1571 bytes)


---------------  P R O C E S S  ---------------

Java Threads: ( => current thread )
  0x0000000020a0f800 JavaThread "localhost-startStop-1" daemon [_thread_blocked, id=7952, stack(0x0000000022000000,0x0000000022100000)]
  0x000000001fe14800 JavaThread "Tomcat-startStop-1" daemon [_thread_blocked, id=14248, stack(0x0000000020ae0000,0x0000000020be0000)]
  0x0000000019475000 JavaThread "Service Thread" daemon [_thread_blocked, id=13464, stack(0x0000000019d00000,0x0000000019e00000)]
  0x000000001940c800 JavaThread "C1 CompilerThread2" daemon [_thread_blocked, id=1616, stack(0x0000000019c00000,0x0000000019d00000)]
=>0x000000001940a000 JavaThread "C2 CompilerThread1" daemon [_thread_in_native, id=12596, stack(0x0000000019b00000,0x0000000019c00000)]
  0x000000001809c800 JavaThread "C2 CompilerThread0" daemon [_thread_blocked, id=12228, stack(0x0000000019a00000,0x0000000019b00000)]
  0x000000001809b800 JavaThread "Attach Listener" daemon [_thread_blocked, id=12884, stack(0x0000000019900000,0x0000000019a00000)]
  0x0000000019408800 JavaThread "Signal Dispatcher" daemon [_thread_blocked, id=13548, stack(0x0000000019800000,0x0000000019900000)]
  0x000000000351d000 JavaThread "Finalizer" daemon [_thread_blocked, id=2556, stack(0x0000000019300000,0x0000000019400000)]
  0x0000000003512000 JavaThread "Reference Handler" daemon [_thread_blocked, id=9780, stack(0x0000000019200000,0x0000000019300000)]
  0x0000000003422800 JavaThread "main" [_thread_in_native, id=6624, stack(0x0000000003230000,0x0000000003330000)]

Other Threads:
  0x0000000018067800 VMThread [stack: 0x0000000019100000,0x0000000019200000] [id=13420]
  0x0000000019476800 WatcherThread [stack: 0x0000000019e00000,0x0000000019f00000] [id=11836]

VM state:not at safepoint (normal execution)

VM Mutex/Monitor currently owned by a thread: None

Heap:
 PSYoungGen      total 214528K, used 97602K [0x00000000d5b80000, 0x00000000e8280000, 0x0000000100000000)
  eden space 209920K, 44% used [0x00000000d5b80000,0x00000000db651c00,0x00000000e2880000)
  from space 4608K, 99% used [0x00000000e3280000,0x00000000e36fec20,0x00000000e3700000)
  to   space 10240K, 0% used [0x00000000e2880000,0x00000000e2880000,0x00000000e3280000)
 ParOldGen       total 52736K, used 16293K [0x0000000081200000, 0x0000000084580000, 0x00000000d5b80000)
  object space 52736K, 30% used [0x0000000081200000,0x00000000821e96a8,0x0000000084580000)
 Metaspace       used 32398K, capacity 32838K, committed 33152K, reserved 1079296K
  class space    used 3991K, capacity 4110K, committed 4224K, reserved 1048576K

Card table byte_map: [0x00000000128e0000,0x0000000012ce0000] byte_map_base: 0x00000000124d7000

Marking Bits: (ParMarkBitMap*) 0x0000000057ebf860
 Begin Bits: [0x0000000013390000, 0x0000000015348000)
 End Bits:   [0x0000000015348000, 0x0000000017300000)

Polling page: 0x00000000013a0000

CodeCache: size=245760Kb used=12893Kb max_used=12893Kb free=232866Kb
 bounds [0x0000000003520000, 0x00000000041d0000, 0x0000000012520000]
 total_blobs=3852 nmethods=3444 adapters=320
 compilation: enabled

Compilation events (10 events):
Event: 35.133 Thread 0x000000001809c800 nmethod 4108 0x00000000041be510 code [0x00000000041be980, 0x00000000041c0d00]
Event: 35.176 Thread 0x000000001940a000 4110       4       org.springframework.asm.Type::getReturnType (49 bytes)
Event: 35.189 Thread 0x000000001940a000 nmethod 4110 0x00000000041bc250 code [0x00000000041bc500, 0x00000000041bcb88]
Event: 35.342 Thread 0x000000001809c800 4111       4       org.springframework.asm.ClassReader::readFrameType (162 bytes)
Event: 35.347 Thread 0x000000001940a000 4112       4       java.util.GregorianCalendar::computeFields (1571 bytes)
Event: 35.357 Thread 0x000000001809c800 nmethod 4111 0x00000000041bd090 code [0x00000000041bd280, 0x00000000041bdaf8]
Event: 35.361 Thread 0x000000001809c800 4113       4       sun.util.calendar.Gregorian$Date::getNormalizedYear (5 bytes)
Event: 35.361 Thread 0x000000001809c800 nmethod 4113 0x0000000003877050 code [0x0000000003877180, 0x00000000038771d8]
Event: 35.369 Thread 0x000000001940c800 4114       3       java.util.concurrent.ConcurrentHashMap::remove (8 bytes)
Event: 35.370 Thread 0x000000001940c800 nmethod 4114 0x00000000040b0b10 code [0x00000000040b0c80, 0x00000000040b0ea8]

GC Heap History (10 events):
Event: 14.748 GC heap before
{Heap before GC invocations=9 (full 0):
 PSYoungGen      total 140288K, used 26718K [0x00000000d5b80000, 0x00000000ded80000, 0x0000000100000000)
  eden space 132096K, 17% used [0x00000000d5b80000,0x00000000d723b6e0,0x00000000ddc80000)
  from space 8192K, 41% used [0x00000000de580000,0x00000000de8dc160,0x00000000ded80000)
  to   space 8704K, 0% used [0x00000000ddc80000,0x00000000ddc80000,0x00000000de500000)
 ParOldGen       total 87552K, used 8581K [0x0000000081200000, 0x0000000086780000, 0x00000000d5b80000)
  object space 87552K, 9% used [0x0000000081200000,0x0000000081a61770,0x0000000086780000)
 Metaspace       used 20865K, capacity 21140K, committed 21296K, reserved 1069056K
  class space    used 2526K, capacity 2589K, committed 2688K, reserved 1048576K
Event: 14.755 GC heap after
Heap after GC invocations=9 (full 0):
 PSYoungGen      total 140800K, used 3173K [0x00000000d5b80000, 0x00000000e3b00000, 0x0000000100000000)
  eden space 132096K, 0% used [0x00000000d5b80000,0x00000000d5b80000,0x00000000ddc80000)
  from space 8704K, 36% used [0x00000000ddc80000,0x00000000ddf997d8,0x00000000de500000)
  to   space 8704K, 0% used [0x00000000e3280000,0x00000000e3280000,0x00000000e3b00000)
 ParOldGen       total 87552K, used 9294K [0x0000000081200000, 0x0000000086780000, 0x00000000d5b80000)
  object space 87552K, 10% used [0x0000000081200000,0x0000000081b13b08,0x0000000086780000)
 Metaspace       used 20865K, capacity 21140K, committed 21296K, reserved 1069056K
  class space    used 2526K, capacity 2589K, committed 2688K, reserved 1048576K
}
Event: 14.755 GC heap before
{Heap before GC invocations=10 (full 1):
 PSYoungGen      total 140800K, used 3173K [0x00000000d5b80000, 0x00000000e3b00000, 0x0000000100000000)
  eden space 132096K, 0% used [0x00000000d5b80000,0x00000000d5b80000,0x00000000ddc80000)
  from space 8704K, 36% used [0x00000000ddc80000,0x00000000ddf997d8,0x00000000de500000)
  to   space 8704K, 0% used [0x00000000e3280000,0x00000000e3280000,0x00000000e3b00000)
 ParOldGen       total 87552K, used 9294K [0x0000000081200000, 0x0000000086780000, 0x00000000d5b80000)
  object space 87552K, 10% used [0x0000000081200000,0x0000000081b13b08,0x0000000086780000)
 Metaspace       used 20865K, capacity 21140K, committed 21296K, reserved 1069056K
  class space    used 2526K, capacity 2589K, committed 2688K, reserved 1048576K
Event: 14.820 GC heap after
Heap after GC invocations=10 (full 1):
 PSYoungGen      total 140800K, used 0K [0x00000000d5b80000, 0x00000000e3b00000, 0x0000000100000000)
  eden space 132096K, 0% used [0x00000000d5b80000,0x00000000d5b80000,0x00000000ddc80000)
  from space 8704K, 0% used [0x00000000ddc80000,0x00000000ddc80000,0x00000000de500000)
  to   space 8704K, 0% used [0x00000000e3280000,0x00000000e3280000,0x00000000e3b00000)
 ParOldGen       total 52736K, used 9869K [0x0000000081200000, 0x0000000084580000, 0x00000000d5b80000)
  object space 52736K, 18% used [0x0000000081200000,0x0000000081ba3668,0x0000000084580000)
 Metaspace       used 20865K, capacity 21140K, committed 21296K, reserved 1069056K
  class space    used 2526K, capacity 2589K, committed 2688K, reserved 1048576K
}
Event: 20.830 GC heap before
{Heap before GC invocations=11 (full 1):
 PSYoungGen      total 140800K, used 132096K [0x00000000d5b80000, 0x00000000e3b00000, 0x0000000100000000)
  eden space 132096K, 100% used [0x00000000d5b80000,0x00000000ddc80000,0x00000000ddc80000)
  from space 8704K, 0% used [0x00000000ddc80000,0x00000000ddc80000,0x00000000de500000)
  to   space 8704K, 0% used [0x00000000e3280000,0x00000000e3280000,0x00000000e3b00000)
 ParOldGen       total 52736K, used 9869K [0x0000000081200000, 0x0000000084580000, 0x00000000d5b80000)
  object space 52736K, 18% used [0x0000000081200000,0x0000000081ba3668,0x0000000084580000)
 Metaspace       used 24195K, capacity 24568K, committed 24960K, reserved 1071104K
  class space    used 2988K, capacity 3089K, committed 3200K, reserved 1048576K
Event: 20.898 GC heap after
Heap after GC invocations=11 (full 1):
 PSYoungGen      total 200704K, used 4293K [0x00000000d5b80000, 0x00000000e3700000, 0x0000000100000000)
  eden space 196096K, 0% used [0x00000000d5b80000,0x00000000d5b80000,0x00000000e1b00000)
  from space 4608K, 93% used [0x00000000e3280000,0x00000000e36b14e8,0x00000000e3700000)
  to   space 8704K, 0% used [0x00000000e2600000,0x00000000e2600000,0x00000000e2e80000)
 ParOldGen       total 52736K, used 9877K [0x0000000081200000, 0x0000000084580000, 0x00000000d5b80000)
  object space 52736K, 18% used [0x0000000081200000,0x0000000081ba5668,0x0000000084580000)
 Metaspace       used 24195K, capacity 24568K, committed 24960K, reserved 1071104K
  class space    used 2988K, capacity 3089K, committed 3200K, reserved 1048576K
}
Event: 26.749 GC heap before
{Heap before GC invocations=12 (full 1):
 PSYoungGen      total 200704K, used 200389K [0x00000000d5b80000, 0x00000000e3700000, 0x0000000100000000)
  eden space 196096K, 100% used [0x00000000d5b80000,0x00000000e1b00000,0x00000000e1b00000)
  from space 4608K, 93% used [0x00000000e3280000,0x00000000e36b14e8,0x00000000e3700000)
  to   space 8704K, 0% used [0x00000000e2600000,0x00000000e2600000,0x00000000e2e80000)
 ParOldGen       total 52736K, used 9877K [0x0000000081200000, 0x0000000084580000, 0x00000000d5b80000)
  object space 52736K, 18% used [0x0000000081200000,0x0000000081ba5668,0x0000000084580000)
 Metaspace       used 27614K, capacity 28074K, committed 28160K, reserved 1073152K
  class space    used 3435K, capacity 3556K, committed 3584K, reserved 1048576K
Event: 26.769 GC heap after
Heap after GC invocations=12 (full 1):
 PSYoungGen      total 204800K, used 7421K [0x00000000d5b80000, 0x00000000e3700000, 0x0000000100000000)
  eden space 196096K, 0% used [0x00000000d5b80000,0x00000000d5b80000,0x00000000e1b00000)
  from space 8704K, 85% used [0x00000000e2600000,0x00000000e2d3f570,0x00000000e2e80000)
  to   space 4608K, 0% used [0x00000000e3280000,0x00000000e3280000,0x00000000e3700000)
 ParOldGen       total 52736K, used 11572K [0x0000000081200000, 0x0000000084580000, 0x00000000d5b80000)
  object space 52736K, 21% used [0x0000000081200000,0x0000000081d4d358,0x0000000084580000)
 Metaspace       used 27614K, capacity 28074K, committed 28160K, reserved 1073152K
  class space    used 3435K, capacity 3556K, committed 3584K, reserved 1048576K
}
Event: 30.216 GC heap before
{Heap before GC invocations=13 (full 1):
 PSYoungGen      total 204800K, used 203517K [0x00000000d5b80000, 0x00000000e3700000, 0x0000000100000000)
  eden space 196096K, 100% used [0x00000000d5b80000,0x00000000e1b00000,0x00000000e1b00000)
  from space 8704K, 85% used [0x00000000e2600000,0x00000000e2d3f570,0x00000000e2e80000)
  to   space 4608K, 0% used [0x00000000e3280000,0x00000000e3280000,0x00000000e3700000)
 ParOldGen       total 52736K, used 11572K [0x0000000081200000, 0x0000000084580000, 0x00000000d5b80000)
  object space 52736K, 21% used [0x0000000081200000,0x0000000081d4d358,0x0000000084580000)
 Metaspace       used 31385K, capacity 31824K, committed 32000K, reserved 1077248K
  class space    used 3858K, capacity 3973K, committed 4096K, reserved 1048576K
Event: 30.231 GC heap after
Heap after GC invocations=13 (full 1):
 PSYoungGen      total 214528K, used 4603K [0x00000000d5b80000, 0x00000000e8280000, 0x0000000100000000)
  eden space 209920K, 0% used [0x00000000d5b80000,0x00000000d5b80000,0x00000000e2880000)
  from space 4608K, 99% used [0x00000000e3280000,0x00000000e36fec20,0x00000000e3700000)
  to   space 10240K, 0% used [0x00000000e2880000,0x00000000e2880000,0x00000000e3280000)
 ParOldGen       total 52736K, used 16293K [0x0000000081200000, 0x0000000084580000, 0x00000000d5b80000)
  object space 52736K, 30% used [0x0000000081200000,0x00000000821e96a8,0x0000000084580000)
 Metaspace       used 31385K, capacity 31824K, committed 32000K, reserved 1077248K
  class space    used 3858K, capacity 3973K, committed 4096K, reserved 1048576K
}

Deoptimization events (10 events):
Event: 31.353 Thread 0x0000000020a0f800 Uncommon trap: reason=unstable_if action=reinterpret pc=0x0000000003c82bb0 method=java.util.regex.Pattern$CharProperty$1.isSatisfiedBy(I)Z @ 8
Event: 31.353 Thread 0x0000000020a0f800 Uncommon trap: reason=unstable_if action=reinterpret pc=0x0000000003cf7228 method=java.util.regex.Pattern$CharProperty$1.isSatisfiedBy(I)Z @ 8
Event: 31.487 Thread 0x0000000020a0f800 Uncommon trap: reason=unstable_if action=reinterpret pc=0x0000000004121ed8 method=org.springframework.boot.bind.DefaultPropertyNamePatternsMatcher.matches(Ljava/lang/String;)Z @ 112
Event: 31.490 Thread 0x0000000020a0f800 Uncommon trap: reason=unstable_if action=reinterpret pc=0x0000000003961b7c method=org.springframework.boot.bind.DefaultPropertyNamePatternsMatcher.matches(Ljava/lang/String;)Z @ 112
Event: 31.728 Thread 0x0000000020a0f800 Uncommon trap: reason=unstable_if action=reinterpret pc=0x000000000381f9b8 method=org.springframework.beans.factory.support.AbstractBeanFactory.isTypeMatch(Ljava/lang/String;Lorg/springframework/core/ResolvableType;)Z @ 478
Event: 31.998 Thread 0x0000000020a0f800 Uncommon trap: reason=class_check action=maybe_recompile pc=0x0000000003aefaf8 method=org.hibernate.validator.internal.metadata.aggregated.ExecutableMetaData$Builder.accepts(Lorg/hibernate/validator/internal/metadata/raw/ConstrainedElement;)Z @ 28
Event: 33.063 Thread 0x0000000020a0f800 Uncommon trap: reason=class_check action=maybe_recompile pc=0x0000000003aefaf8 method=org.hibernate.validator.internal.metadata.aggregated.ExecutableMetaData$Builder.accepts(Lorg/hibernate/validator/internal/metadata/raw/ConstrainedElement;)Z @ 28
Event: 33.248 Thread 0x0000000020a0f800 Uncommon trap: reason=bimorphic action=maybe_recompile pc=0x0000000003c9fad8 method=java.util.regex.Pattern$BmpCharProperty.match(Ljava/util/regex/Matcher;ILjava/lang/CharSequence;)Z @ 31
Event: 33.930 Thread 0x0000000020a0f800 Uncommon trap: reason=bimorphic action=maybe_recompile pc=0x000000000419fc78 method=org.springframework.asm.ClassReader.readCode(Lorg/springframework/asm/MethodVisitor;Lorg/springframework/asm/Context;I)V @ 2379
Event: 35.167 Thread 0x0000000020a0f800 Uncommon trap: reason=range_check action=make_not_entrant pc=0x0000000003e3bf2c method=org.springframework.asm.Type.getType([CI)Lorg/springframework/asm/Type; @ 162

Classes redefined (0 events):
No events

Internal exceptions (10 events):
Event: 31.673 Thread 0x0000000020a0f800 Exception <a 'java/lang/ClassNotFoundException': org/springframework/cloud/netflix/eureka/EurekaConstantsCustomizer> (0x00000000d8b16308) thrown at [C:\re\workspace\8-2-build-windows-amd64-cygwin\jdk8u161\10277\hotspot\src\share\vm\classfile\systemDiction
Event: 33.044 Thread 0x0000000020a0f800 Exception <a 'java/lang/ClassNotFoundException': org/springframework/cloud/netflix/eureka/server/InstanceRegistryPropertiesBeanInfo> (0x00000000d96314f0) thrown at [C:\re\workspace\8-2-build-windows-amd64-cygwin\jdk8u161\10277\hotspot\src\share\vm\classfi
Event: 33.054 Thread 0x0000000020a0f800 Exception <a 'java/lang/ClassNotFoundException': org/springframework/cloud/netflix/eureka/server/InstanceRegistryPropertiesCustomizer> (0x00000000d96b1518) thrown at [C:\re\workspace\8-2-build-windows-amd64-cygwin\jdk8u161\10277\hotspot\src\share\vm\class
Event: 33.160 Thread 0x0000000020a0f800 Exception <a 'java/lang/ClassNotFoundException': org/springframework/boot/loader/jar/Handler> (0x00000000d9955ca8) thrown at [C:\re\workspace\8-2-build-windows-amd64-cygwin\jdk8u161\10277\hotspot\src\share\vm\classfile\systemDictionary.cpp, line 210]
Event: 35.367 Thread 0x0000000020a0f800 Exception <a 'java/lang/OutOfMemoryError'> (0x00000000db20b0c8) thrown at [C:\re\workspace\8-2-build-windows-amd64-cygwin\jdk8u161\10277\hotspot\src\share\vm\prims\jni.cpp, line 735]
Event: 35.368 Thread 0x0000000020a0f800 Exception <a 'java/lang/reflect/InvocationTargetException'> (0x00000000db20d030) thrown at [C:\re\workspace\8-2-build-windows-amd64-cygwin\jdk8u161\10277\hotspot\src\share\vm\runtime\reflection.cpp, line 1092]
Event: 35.371 Thread 0x0000000020a0f800 Exception <a 'java/lang/OutOfMemoryError'> (0x00000000db22e3a0) thrown at [C:\re\workspace\8-2-build-windows-amd64-cygwin\jdk8u161\10277\hotspot\src\share\vm\prims\jni.cpp, line 735]
Event: 35.371 Thread 0x0000000020a0f800 Exception <a 'java/lang/OutOfMemoryError'> (0x00000000db22e3a0) thrown at [C:\re\workspace\8-2-build-windows-amd64-cygwin\jdk8u161\10277\hotspot\src\share\vm\prims\jvm.cpp, line 1394]
Event: 35.373 Thread 0x000000001fe14800 Exception <a 'java/lang/OutOfMemoryError'> (0x00000000db270898) thrown at [C:\re\workspace\8-2-build-windows-amd64-cygwin\jdk8u161\10277\hotspot\src\share\vm\prims\jni.cpp, line 735]
Event: 35.373 Thread 0x000000001fe14800 Exception <a 'java/lang/OutOfMemoryError'> (0x00000000db270898) thrown at [C:\re\workspace\8-2-build-windows-amd64-cygwin\jdk8u161\10277\hotspot\src\share\vm\prims\jvm.cpp, line 1394]

Events (10 events):
Event: 35.369 Executing VM operation: RevokeBias
Event: 35.369 Executing VM operation: RevokeBias done
Event: 35.370 loading class org/apache/tomcat/websocket/server/WsContextListener
Event: 35.370 loading class org/apache/tomcat/websocket/server/WsContextListener done
Event: 35.372 Executing VM operation: RevokeBias
Event: 35.372 Executing VM operation: RevokeBias done
Event: 35.372 loading class ch/qos/logback/classic/spi/ThrowableProxy
Event: 35.372 loading class ch/qos/logback/classic/spi/ThrowableProxy done
Event: 35.374 loading class ch/qos/logback/classic/spi/ThrowableProxy
Event: 35.374 loading class ch/qos/logback/classic/spi/ThrowableProxy done


Dynamic libraries:
0x00007ff7170a0000 - 0x00007ff7170d7000 	D:\Program Files\JDK8\bin\java.exe
0x00007ffd4c9d0000 - 0x00007ffd4cbb1000 	C:\WINDOWS\SYSTEM32\ntdll.dll
0x00007ffd49e60000 - 0x00007ffd49f12000 	C:\WINDOWS\System32\KERNEL32.DLL
0x00007ffd491e0000 - 0x00007ffd49453000 	C:\WINDOWS\System32\KERNELBASE.dll
0x00007ffd4baa0000 - 0x00007ffd4bb41000 	C:\WINDOWS\System32\ADVAPI32.dll
0x00007ffd4c320000 - 0x00007ffd4c3be000 	C:\WINDOWS\System32\msvcrt.dll
0x00007ffd49f20000 - 0x00007ffd49f7b000 	C:\WINDOWS\System32\sechost.dll
0x00007ffd4c090000 - 0x00007ffd4c1b4000 	C:\WINDOWS\System32\RPCRT4.dll
0x00007ffd49f80000 - 0x00007ffd4a110000 	C:\WINDOWS\System32\USER32.dll
0x00007ffd48e20000 - 0x00007ffd48e40000 	C:\WINDOWS\System32\win32u.dll
0x00007ffd4a110000 - 0x00007ffd4a138000 	C:\WINDOWS\System32\GDI32.dll
0x00007ffd49bd0000 - 0x00007ffd49d62000 	C:\WINDOWS\System32\gdi32full.dll
0x00007ffd49d70000 - 0x00007ffd49e0f000 	C:\WINDOWS\System32\msvcp_win.dll
0x00007ffd48e40000 - 0x00007ffd48f3a000 	C:\WINDOWS\System32\ucrtbase.dll
0x00007ffd403c0000 - 0x00007ffd40629000 	C:\WINDOWS\WinSxS\amd64_microsoft.windows.common-controls_6595b64144ccf1df_6.0.17134.228_none_fb4599993062b194\COMCTL32.dll
0x00007ffd4b6a0000 - 0x00007ffd4b9c3000 	C:\WINDOWS\System32\combase.dll
0x00007ffd48da0000 - 0x00007ffd48e1a000 	C:\WINDOWS\System32\bcryptPrimitives.dll
0x00007ffd4c810000 - 0x00007ffd4c83d000 	C:\WINDOWS\System32\IMM32.DLL
0x0000000057f40000 - 0x0000000058012000 	D:\Program Files\JDK8\jre\bin\msvcr100.dll
0x00000000576a0000 - 0x0000000057f3f000 	D:\Program Files\JDK8\jre\bin\server\jvm.dll
0x00007ffd4be40000 - 0x00007ffd4be48000 	C:\WINDOWS\System32\PSAPI.DLL
0x00007ffd40d00000 - 0x00007ffd40d09000 	C:\WINDOWS\SYSTEM32\WSOCK32.dll
0x00007ffd4c930000 - 0x00007ffd4c99c000 	C:\WINDOWS\System32\WS2_32.dll
0x00007ffd3b800000 - 0x00007ffd3b823000 	C:\WINDOWS\SYSTEM32\WINMM.dll
0x00007ffd3ec20000 - 0x00007ffd3ec2a000 	C:\WINDOWS\SYSTEM32\VERSION.dll
0x00007ffd3b640000 - 0x00007ffd3b66a000 	C:\WINDOWS\SYSTEM32\WINMMBASE.dll
0x00007ffd49e10000 - 0x00007ffd49e59000 	C:\WINDOWS\System32\cfgmgr32.dll
0x0000000057690000 - 0x000000005769f000 	D:\Program Files\JDK8\jre\bin\verify.dll
0x0000000057660000 - 0x0000000057689000 	D:\Program Files\JDK8\jre\bin\java.dll
0x0000000057640000 - 0x0000000057656000 	D:\Program Files\JDK8\jre\bin\zip.dll
0x00007ffd4a140000 - 0x00007ffd4b580000 	C:\WINDOWS\System32\SHELL32.dll
0x00007ffd4b5f0000 - 0x00007ffd4b699000 	C:\WINDOWS\System32\shcore.dll
0x00007ffd49460000 - 0x00007ffd49b6d000 	C:\WINDOWS\System32\windows.storage.dll
0x00007ffd4b580000 - 0x00007ffd4b5d1000 	C:\WINDOWS\System32\shlwapi.dll
0x00007ffd48d40000 - 0x00007ffd48d51000 	C:\WINDOWS\System32\kernel.appcore.dll
0x00007ffd48d60000 - 0x00007ffd48d7f000 	C:\WINDOWS\System32\profapi.dll
0x00007ffd48ce0000 - 0x00007ffd48d2c000 	C:\WINDOWS\System32\powrprof.dll
0x00007ffd48d30000 - 0x00007ffd48d3a000 	C:\WINDOWS\System32\FLTLIB.DLL
0x0000000057620000 - 0x000000005763a000 	D:\Program Files\JDK8\jre\bin\net.dll
0x00007ffd48510000 - 0x00007ffd48576000 	C:\WINDOWS\system32\mswsock.dll
0x00007ffd482a0000 - 0x00007ffd482d8000 	C:\WINDOWS\SYSTEM32\IPHLPAPI.DLL
0x00007ffd4b5e0000 - 0x00007ffd4b5e8000 	C:\WINDOWS\System32\NSI.dll
0x00007ffd42c50000 - 0x00007ffd42c66000 	C:\WINDOWS\SYSTEM32\dhcpcsvc6.DLL
0x00007ffd42c30000 - 0x00007ffd42c4a000 	C:\WINDOWS\SYSTEM32\dhcpcsvc.DLL
0x00007ffd482e0000 - 0x00007ffd4839e000 	C:\WINDOWS\SYSTEM32\DNSAPI.dll
0x0000000057610000 - 0x000000005761d000 	D:\Program Files\JDK8\jre\bin\management.dll
0x00007ffd3b020000 - 0x00007ffd3b036000 	C:\WINDOWS\system32\napinsp.dll
0x00007ffd3b000000 - 0x00007ffd3b01a000 	C:\WINDOWS\system32\pnrpnsp.dll
0x00007ffd43860000 - 0x00007ffd43879000 	C:\WINDOWS\system32\NLAapi.dll
0x00007ffd3aff0000 - 0x00007ffd3affe000 	C:\WINDOWS\System32\winrnr.dll
0x00007ffd42ce0000 - 0x00007ffd42cea000 	C:\Windows\System32\rasadhlp.dll
0x00007ffd42cf0000 - 0x00007ffd42d62000 	C:\WINDOWS\System32\fwpuclnt.dll
0x00007ffd488c0000 - 0x00007ffd488e5000 	C:\WINDOWS\SYSTEM32\bcrypt.dll
0x00000000575f0000 - 0x0000000057601000 	D:\Program Files\JDK8\jre\bin\nio.dll
0x00007ffd48880000 - 0x00007ffd48897000 	C:\WINDOWS\SYSTEM32\CRYPTSP.dll
0x00007ffd480a0000 - 0x00007ffd480d3000 	C:\WINDOWS\system32\rsaenh.dll
0x00007ffd48c10000 - 0x00007ffd48c38000 	C:\WINDOWS\SYSTEM32\USERENV.dll
0x00007ffd48670000 - 0x00007ffd4867b000 	C:\WINDOWS\SYSTEM32\CRYPTBASE.dll

VM Arguments:
java_command: target/spring-cloud-eureka-cluster-0.0.1-SNAPSHOT.jar --spring.profiles.active=peer3
java_class_path (initial): target/spring-cloud-eureka-cluster-0.0.1-SNAPSHOT.jar
Launcher Type: SUN_STANDARD

Environment Variables:
JAVA_HOME=D:\Program Files\JDK8
JRE_HOME=D:\Program Files\jre8
CLASSPATH=.;D:\Program Files\JDK8\lib;D:\Program Files\jre8\lib
PATH=C:\Users\Fang\bin;D:\Program Files\Git\mingw64\bin;D:\Program Files\Git\usr\local\bin;D:\Program Files\Git\usr\bin;D:\Program Files\Git\usr\bin;D:\Program Files\Git\mingw64\bin;D:\Program Files\Git\usr\bin;C:\Users\Fang\bin;C:\WINDOWS\system32;C:\WINDOWS;C:\WINDOWS\System32\Wbem;C:\WINDOWS\System32\WindowsPowerShell\v1.0;D:\Program Files\nodejs;D:\Program Files\Golang\bin;E:\gocode\bin;D:\Program Files\JDK8\bin;D:\Program Files\jre8\bin;D:\Program Files\apache-maven-3.5.3\bin;D:\Program Files\etcd-amd64;D:\Program Files\python3;D:\Program Files\python3\Scripts;D:\Program Files\Git\cmd;C:\WINDOWS\System32\OpenSSH;D:\Program Files\Microsoft VS Code\bin;C:\Users\Fang\AppData\Local\Microsoft\WindowsApps;D:\Program Files\Microsoft VS Code\bin;C:\Users\Fang\AppData\Roaming\npm;C:\Users\Fang\AppData\Local\atom\bin;%USERPROFILE%\AppData\Local\Microsoft\WindowsApps;D:\Program Files\Git\usr\bin\vendor_perl;D:\Program Files\Git\usr\bin\core_perl
USERNAME=Fang
SHELL=D:\Program Files\Git\usr\bin\bash.exe
DISPLAY=needs-to-be-defined
OS=Windows_NT
PROCESSOR_IDENTIFIER=Intel64 Family 6 Model 60 Stepping 3, GenuineIntel



---------------  S Y S T E M  ---------------

OS: Windows 10.0 , 64 bit Build 17134 (10.0.17134.1)

CPU:total 4 (initial active 4) (2 cores per cpu, 2 threads per core) family 6 model 60 stepping 3, cmov, cx8, fxsr, mmx, sse, sse2, sse3, ssse3, sse4.1, sse4.2, popcnt, avx, avx2, clmul, erms, lzcnt, ht, tsc, tscinvbit, bmi1, bmi2

Memory: 4k page, physical 8308888k(1700156k free), swap 9527960k(9104k free)

vm_info: Java HotSpot(TM) 64-Bit Server VM (25.161-b12) for windows-amd64 JRE (1.8.0_161-b12), built on Dec 19 2017 17:52:25 by "java_re" with MS VC++ 10.0 (VS2010)

time: Thu Aug 23 20:56:24 2018
elapsed time: 35 seconds (0d 0h 0m 35s)

